android/app/build/intermediates/manifest_merge_blame_file/debug/manifest-merger-blame-debug-report.txt
1<?xml version="1.0" encoding="utf-8"?>
2<manifest xmlns:android="http://schemas.android.com/apk/res/android"
3    package="com.concentra.mitur"
4    android:versionCode="2"
5    android:versionName="1.0.0" >
6
7    <uses-sdk
8        android:minSdkVersion="21"
9        android:targetSdkVersion="31" />
10
11    <uses-permission android:name="android.permission.SYSTEM_ALERT_WINDOW" />
11-->src/debug/AndroidManifest.xml:5:5-77
11-->src/debug/AndroidManifest.xml:5:22-75
12    <uses-permission android:name="android.permission.INTERNET" />
12-->src/main/AndroidManifest.xml:4:5-67
12-->src/main/AndroidManifest.xml:4:22-64
13    <uses-permission android:name="android.permission.READ_EXTERNAL_STORAGE" />
13-->src/main/AndroidManifest.xml:5:5-80
13-->src/main/AndroidManifest.xml:5:22-77
14    <uses-permission android:name="android.permission.WRITE_EXTERNAL_STORAGE" />
14-->src/main/AndroidManifest.xml:6:5-81
14-->src/main/AndroidManifest.xml:6:22-78
15    <uses-permission android:name="android.permission.ACCESS_WIFI_STATE" />
15-->[com.facebook.flipper:flipper:0.99.0] AndroidManifest.xml:16:5-76
15-->[com.facebook.flipper:flipper:0.99.0] AndroidManifest.xml:16:22-73
16    <uses-permission android:name="android.permission.ACCESS_NETWORK_STATE" />
16-->[:react-native-community_netinfo] AndroidManifest.xml:9:5-79
16-->[:react-native-community_netinfo] AndroidManifest.xml:9:22-76
17    <uses-permission android:name="android.permission.WAKE_LOCK" /> <!-- Required to access Google Play Licensing -->
17-->[:react-native-background-timer] AndroidManifest.xml:9:5-68
17-->[:react-native-background-timer] AndroidManifest.xml:9:22-65
18    <uses-permission android:name="com.android.vending.CHECK_LICENSE" /> <!-- Required to to download files without a notification -->
18-->[:react-native-blob-util] AndroidManifest.xml:10:5-73
18-->[:react-native-blob-util] AndroidManifest.xml:10:22-70
19    <uses-permission android:name="android.permission.DOWNLOAD_WITHOUT_NOTIFICATION" />
19-->[:react-native-blob-util] AndroidManifest.xml:37:5-88
19-->[:react-native-blob-util] AndroidManifest.xml:37:22-85
20    <uses-permission android:name="android.permission.USE_FINGERPRINT" /> <!-- Create a unique permission for your app and use it so only your app can receive your OneSignal messages. -->
20-->[:react-native-touch-id] AndroidManifest.xml:9:5-74
20-->[:react-native-touch-id] AndroidManifest.xml:9:22-71
21    <permission
21-->[com.onesignal:OneSignal:4.6.3] AndroidManifest.xml:7:5-9:47
22        android:name="com.concentra.mitur.permission.C2D_MESSAGE"
22-->[com.onesignal:OneSignal:4.6.3] AndroidManifest.xml:8:9-63
23        android:protectionLevel="signature" />
23-->[com.onesignal:OneSignal:4.6.3] AndroidManifest.xml:9:9-44
24
25    <uses-permission android:name="com.concentra.mitur.permission.C2D_MESSAGE" /> <!-- c2dm RECEIVE are basic requirements for push messages through Google's FCM -->
25-->[com.onesignal:OneSignal:4.6.3] AndroidManifest.xml:11:5-79
25-->[com.onesignal:OneSignal:4.6.3] AndroidManifest.xml:11:22-76
26    <uses-permission android:name="com.google.android.c2dm.permission.RECEIVE" />
26-->[com.onesignal:OneSignal:4.6.3] AndroidManifest.xml:17:5-82
26-->[com.onesignal:OneSignal:4.6.3] AndroidManifest.xml:17:22-79
27    <!--
28 Required so the device vibrates on receiving a push notification.
29         Vibration settings of the device still apply.
30    -->
31    <uses-permission android:name="android.permission.VIBRATE" />
31-->[com.onesignal:OneSignal:4.6.3] AndroidManifest.xml:23:5-66
31-->[com.onesignal:OneSignal:4.6.3] AndroidManifest.xml:23:22-63
32    <!--
33 Use to restore notifications the user hasn't interacted with.
34         They could be missed notifications if the user reboots their device if this isn't in place.
35    -->
36    <uses-permission android:name="android.permission.RECEIVE_BOOT_COMPLETED" /> <!-- START: ShortcutBadger -->
36-->[com.onesignal:OneSignal:4.6.3] AndroidManifest.xml:29:5-81
36-->[com.onesignal:OneSignal:4.6.3] AndroidManifest.xml:29:22-78
37    <!-- Samsung -->
38    <uses-permission android:name="com.sec.android.provider.badge.permission.READ" />
38-->[com.onesignal:OneSignal:4.6.3] AndroidManifest.xml:31:5-86
38-->[com.onesignal:OneSignal:4.6.3] AndroidManifest.xml:31:22-83
39    <uses-permission android:name="com.sec.android.provider.badge.permission.WRITE" /> <!-- HTC -->
39-->[com.onesignal:OneSignal:4.6.3] AndroidManifest.xml:32:5-87
39-->[com.onesignal:OneSignal:4.6.3] AndroidManifest.xml:32:22-84
40    <uses-permission android:name="com.htc.launcher.permission.READ_SETTINGS" />
40-->[com.onesignal:OneSignal:4.6.3] AndroidManifest.xml:33:5-81
40-->[com.onesignal:OneSignal:4.6.3] AndroidManifest.xml:33:22-78
41    <uses-permission android:name="com.htc.launcher.permission.UPDATE_SHORTCUT" /> <!-- Sony -->
41-->[com.onesignal:OneSignal:4.6.3] AndroidManifest.xml:34:5-83
41-->[com.onesignal:OneSignal:4.6.3] AndroidManifest.xml:34:22-80
42    <uses-permission android:name="com.sonyericsson.home.permission.BROADCAST_BADGE" />
42-->[com.onesignal:OneSignal:4.6.3] AndroidManifest.xml:35:5-88
42-->[com.onesignal:OneSignal:4.6.3] AndroidManifest.xml:35:22-85
43    <uses-permission android:name="com.sonymobile.home.permission.PROVIDER_INSERT_BADGE" /> <!-- Apex -->
43-->[com.onesignal:OneSignal:4.6.3] AndroidManifest.xml:36:5-92
43-->[com.onesignal:OneSignal:4.6.3] AndroidManifest.xml:36:22-89
44    <uses-permission android:name="com.anddoes.launcher.permission.UPDATE_COUNT" /> <!-- Solid -->
44-->[com.onesignal:OneSignal:4.6.3] AndroidManifest.xml:37:5-84
44-->[com.onesignal:OneSignal:4.6.3] AndroidManifest.xml:37:22-81
45    <uses-permission android:name="com.majeur.launcher.permission.UPDATE_BADGE" /> <!-- Huawei -->
45-->[com.onesignal:OneSignal:4.6.3] AndroidManifest.xml:38:5-83
45-->[com.onesignal:OneSignal:4.6.3] AndroidManifest.xml:38:22-80
46    <uses-permission android:name="com.huawei.android.launcher.permission.CHANGE_BADGE" />
46-->[com.onesignal:OneSignal:4.6.3] AndroidManifest.xml:39:5-91
46-->[com.onesignal:OneSignal:4.6.3] AndroidManifest.xml:39:22-88
47    <uses-permission android:name="com.huawei.android.launcher.permission.READ_SETTINGS" />
47-->[com.onesignal:OneSignal:4.6.3] AndroidManifest.xml:40:5-92
47-->[com.onesignal:OneSignal:4.6.3] AndroidManifest.xml:40:22-89
48    <uses-permission android:name="com.huawei.android.launcher.permission.WRITE_SETTINGS" /> <!-- ZUK -->
48-->[com.onesignal:OneSignal:4.6.3] AndroidManifest.xml:41:5-93
48-->[com.onesignal:OneSignal:4.6.3] AndroidManifest.xml:41:22-90
49    <uses-permission android:name="android.permission.READ_APP_BADGE" /> <!-- OPPO -->
49-->[com.onesignal:OneSignal:4.6.3] AndroidManifest.xml:42:5-73
49-->[com.onesignal:OneSignal:4.6.3] AndroidManifest.xml:42:22-70
50    <uses-permission android:name="com.oppo.launcher.permission.READ_SETTINGS" />
50-->[com.onesignal:OneSignal:4.6.3] AndroidManifest.xml:43:5-82
50-->[com.onesignal:OneSignal:4.6.3] AndroidManifest.xml:43:22-79
51    <uses-permission android:name="com.oppo.launcher.permission.WRITE_SETTINGS" /> <!-- EvMe -->
51-->[com.onesignal:OneSignal:4.6.3] AndroidManifest.xml:44:5-83
51-->[com.onesignal:OneSignal:4.6.3] AndroidManifest.xml:44:22-80
52    <uses-permission android:name="me.everything.badger.permission.BADGE_COUNT_READ" />
52-->[com.onesignal:OneSignal:4.6.3] AndroidManifest.xml:45:5-88
52-->[com.onesignal:OneSignal:4.6.3] AndroidManifest.xml:45:22-85
53    <uses-permission android:name="me.everything.badger.permission.BADGE_COUNT_WRITE" />
53-->[com.onesignal:OneSignal:4.6.3] AndroidManifest.xml:46:5-89
53-->[com.onesignal:OneSignal:4.6.3] AndroidManifest.xml:46:22-86
54    <uses-permission android:name="android.permission.FOREGROUND_SERVICE" />
54-->[androidx.work:work-runtime:2.7.1] AndroidManifest.xml:28:5-77
54-->[androidx.work:work-runtime:2.7.1] AndroidManifest.xml:28:22-74
55
56    <uses-feature
56-->[com.google.android.gms:play-services-maps:18.0.2] AndroidManifest.xml:26:5-28:35
57        android:glEsVersion="0x00020000"
57-->[com.google.android.gms:play-services-maps:18.0.2] AndroidManifest.xml:27:9-41
58        android:required="true" />
58-->[com.google.android.gms:play-services-maps:18.0.2] AndroidManifest.xml:28:9-32
59
60    <queries>
60-->[com.google.android.gms:play-services-maps:18.0.2] AndroidManifest.xml:30:5-34:15
61
62        <!-- Needs to be explicitly declared on Android R+ -->
63        <package android:name="com.google.android.apps.maps" />
63-->[com.google.android.gms:play-services-maps:18.0.2] AndroidManifest.xml:33:9-64
63-->[com.google.android.gms:play-services-maps:18.0.2] AndroidManifest.xml:33:18-61
64    </queries>
65
66    <application
66-->src/main/AndroidManifest.xml:8:5-34:19
67        android:name="com.concentra.mitur.MainApplication"
67-->src/main/AndroidManifest.xml:9:7-38
68        android:allowBackup="false"
68-->src/main/AndroidManifest.xml:13:7-34
69        android:appComponentFactory="androidx.core.app.CoreComponentFactory"
69-->[androidx.core:core:1.6.0] AndroidManifest.xml:24:18-86
70        android:debuggable="true"
71        android:icon="@mipmap/ic_launcher"
71-->src/main/AndroidManifest.xml:11:7-41
72        android:label="@string/app_name"
72-->src/main/AndroidManifest.xml:10:7-39
73        android:roundIcon="@mipmap/ic_launcher_round"
73-->src/main/AndroidManifest.xml:12:7-52
74        android:theme="@style/AppTheme"
74-->src/main/AndroidManifest.xml:14:7-38
75        android:usesCleartextTraffic="true" >
75-->src/main/AndroidManifest.xml:15:7-42
76        <activity android:name="com.facebook.react.devsupport.DevSettingsActivity" />
76-->src/debug/AndroidManifest.xml:11:9-86
76-->src/debug/AndroidManifest.xml:11:19-83
77
78        <meta-data
78-->src/main/AndroidManifest.xml:17:6-19:63
79            android:name="com.google.android.geo.API_KEY"
79-->src/main/AndroidManifest.xml:18:6-51
80            android:value="AIzaSyDRZB7oVkuHIT_vTCvpKswBIaPYLqAXuhc" />
80-->src/main/AndroidManifest.xml:19:6-61
81
82        <activity
82-->src/main/AndroidManifest.xml:20:7-33:18
83            android:name="com.concentra.mitur.MainActivity"
83-->src/main/AndroidManifest.xml:21:9-37
84            android:configChanges="keyboard|keyboardHidden|orientation|screenSize|uiMode"
84-->src/main/AndroidManifest.xml:24:9-86
85            android:exported="true"
85-->src/main/AndroidManifest.xml:22:9-32
86            android:label="@string/app_name"
86-->src/main/AndroidManifest.xml:23:9-41
87            android:launchMode="singleTask"
87-->src/main/AndroidManifest.xml:25:9-40
88            android:screenOrientation="portrait"
88-->src/main/AndroidManifest.xml:26:9-45
89            android:windowSoftInputMode="adjustResize" >
89-->src/main/AndroidManifest.xml:27:9-51
90            <intent-filter>
90-->src/main/AndroidManifest.xml:28:9-32:25
91                <action android:name="android.intent.action.MAIN" />
91-->src/main/AndroidManifest.xml:29:13-65
91-->src/main/AndroidManifest.xml:29:21-62
92
93                <category android:name="android.intent.category.LAUNCHER" />
93-->src/main/AndroidManifest.xml:30:13-73
93-->src/main/AndroidManifest.xml:30:23-70
94
95                <action android:name="android.intent.action.DOWNLOAD_COMPLETE" />
95-->src/main/AndroidManifest.xml:31:13-77
95-->src/main/AndroidManifest.xml:31:21-75
96            </intent-filter>
97        </activity>
98
99        <provider
99-->[:react-native-blob-util] AndroidManifest.xml:40:9-48:20
100            android:name="com.ReactNativeBlobUtil.Utils.FileProvider"
100-->[:react-native-blob-util] AndroidManifest.xml:41:13-70
101            android:authorities="com.concentra.mitur.provider"
101-->[:react-native-blob-util] AndroidManifest.xml:42:13-60
102            android:exported="false"
102-->[:react-native-blob-util] AndroidManifest.xml:43:13-37
103            android:grantUriPermissions="true" >
103-->[:react-native-blob-util] AndroidManifest.xml:44:13-47
104            <meta-data
104-->[:react-native-blob-util] AndroidManifest.xml:45:13-47:58
105                android:name="android.support.FILE_PROVIDER_PATHS"
105-->[:react-native-blob-util] AndroidManifest.xml:46:17-67
106                android:resource="@xml/provider_paths" />
106-->[:react-native-blob-util] AndroidManifest.xml:47:17-55
107        </provider>
108        <provider
108-->[:react-native-image-picker] AndroidManifest.xml:10:9-18:20
109            android:name="com.imagepicker.ImagePickerProvider"
109-->[:react-native-image-picker] AndroidManifest.xml:11:13-63
110            android:authorities="com.concentra.mitur.imagepickerprovider"
110-->[:react-native-image-picker] AndroidManifest.xml:12:13-71
111            android:exported="false"
111-->[:react-native-image-picker] AndroidManifest.xml:13:13-37
112            android:grantUriPermissions="true" >
112-->[:react-native-image-picker] AndroidManifest.xml:14:13-47
113            <meta-data
113-->[:react-native-blob-util] AndroidManifest.xml:45:13-47:58
114                android:name="android.support.FILE_PROVIDER_PATHS"
114-->[:react-native-blob-util] AndroidManifest.xml:46:17-67
115                android:resource="@xml/imagepicker_provider_paths" />
115-->[:react-native-blob-util] AndroidManifest.xml:47:17-55
116        </provider>
117        <provider
117-->[:react-native-share] AndroidManifest.xml:10:9-18:20
118            android:name="cl.json.RNShareFileProvider"
118-->[:react-native-share] AndroidManifest.xml:11:13-55
119            android:authorities="com.concentra.mitur.rnshare.fileprovider"
119-->[:react-native-share] AndroidManifest.xml:12:13-72
120            android:exported="false"
120-->[:react-native-share] AndroidManifest.xml:13:13-37
121            android:grantUriPermissions="true" >
121-->[:react-native-share] AndroidManifest.xml:14:13-47
122            <meta-data
122-->[:react-native-blob-util] AndroidManifest.xml:45:13-47:58
123                android:name="android.support.FILE_PROVIDER_PATHS"
123-->[:react-native-blob-util] AndroidManifest.xml:46:17-67
124                android:resource="@xml/share_download_paths" />
124-->[:react-native-blob-util] AndroidManifest.xml:47:17-55
125        </provider>
126        <provider
126-->[:react-native-webview] AndroidManifest.xml:10:9-18:20
127            android:name="com.reactnativecommunity.webview.RNCWebViewFileProvider"
127-->[:react-native-webview] AndroidManifest.xml:11:13-83
128            android:authorities="com.concentra.mitur.fileprovider"
128-->[:react-native-webview] AndroidManifest.xml:12:13-64
129            android:exported="false"
129-->[:react-native-webview] AndroidManifest.xml:13:13-37
130            android:grantUriPermissions="true" >
130-->[:react-native-webview] AndroidManifest.xml:14:13-47
131            <meta-data
131-->[:react-native-blob-util] AndroidManifest.xml:45:13-47:58
132                android:name="android.support.FILE_PROVIDER_PATHS"
132-->[:react-native-blob-util] AndroidManifest.xml:46:17-67
133                android:resource="@xml/file_provider_paths" />
133-->[:react-native-blob-util] AndroidManifest.xml:47:17-55
134        </provider>
135
136        <receiver
136-->[com.onesignal:OneSignal:4.6.3] AndroidManifest.xml:49:9-60:20
137            android:name="com.onesignal.FCMBroadcastReceiver"
137-->[com.onesignal:OneSignal:4.6.3] AndroidManifest.xml:50:13-62
138            android:exported="true"
138-->[com.onesignal:OneSignal:4.6.3] AndroidManifest.xml:51:13-36
139            android:permission="com.google.android.c2dm.permission.SEND" >
139-->[com.onesignal:OneSignal:4.6.3] AndroidManifest.xml:52:13-73
140
141            <!-- High priority so OneSignal payloads can be filtered from other FCM receivers -->
142            <intent-filter android:priority="999" >
142-->[com.onesignal:OneSignal:4.6.3] AndroidManifest.xml:55:13-59:29
142-->[com.onesignal:OneSignal:4.6.3] AndroidManifest.xml:55:28-50
143                <action android:name="com.google.android.c2dm.intent.RECEIVE" />
143-->[com.onesignal:OneSignal:4.6.3] AndroidManifest.xml:56:17-81
143-->[com.onesignal:OneSignal:4.6.3] AndroidManifest.xml:56:25-78
144
145                <category android:name="com.concentra.mitur" />
145-->[com.onesignal:OneSignal:4.6.3] AndroidManifest.xml:58:17-61
145-->[com.onesignal:OneSignal:4.6.3] AndroidManifest.xml:58:27-58
146            </intent-filter>
147        </receiver>
148
149        <service
149-->[com.onesignal:OneSignal:4.6.3] AndroidManifest.xml:62:9-68:19
150            android:name="com.onesignal.HmsMessageServiceOneSignal"
150-->[com.onesignal:OneSignal:4.6.3] AndroidManifest.xml:63:13-68
151            android:exported="false" >
151-->[com.onesignal:OneSignal:4.6.3] AndroidManifest.xml:64:13-37
152            <intent-filter>
152-->[com.onesignal:OneSignal:4.6.3] AndroidManifest.xml:65:13-67:29
153                <action android:name="com.huawei.push.action.MESSAGING_EVENT" />
153-->[com.onesignal:OneSignal:4.6.3] AndroidManifest.xml:66:17-81
153-->[com.onesignal:OneSignal:4.6.3] AndroidManifest.xml:66:25-78
154            </intent-filter>
155        </service>
156
157        <activity
157-->[com.onesignal:OneSignal:4.6.3] AndroidManifest.xml:70:9-78:20
158            android:name="com.onesignal.NotificationOpenedActivityHMS"
158-->[com.onesignal:OneSignal:4.6.3] AndroidManifest.xml:71:13-71
159            android:exported="true"
159-->[com.onesignal:OneSignal:4.6.3] AndroidManifest.xml:72:13-36
160            android:noHistory="true"
160-->[com.onesignal:OneSignal:4.6.3] AndroidManifest.xml:73:13-37
161            android:theme="@android:style/Theme.Translucent.NoTitleBar" >
161-->[com.onesignal:OneSignal:4.6.3] AndroidManifest.xml:74:13-72
162            <intent-filter>
162-->[com.onesignal:OneSignal:4.6.3] AndroidManifest.xml:75:13-77:29
163                <action android:name="android.intent.action.VIEW" />
163-->[com.onesignal:OneSignal:4.6.3] AndroidManifest.xml:76:17-69
163-->[com.onesignal:OneSignal:4.6.3] AndroidManifest.xml:76:25-66
164            </intent-filter>
165        </activity>
166
167        <service
167-->[com.onesignal:OneSignal:4.6.3] AndroidManifest.xml:80:9-82:40
168            android:name="com.onesignal.FCMIntentService"
168-->[com.onesignal:OneSignal:4.6.3] AndroidManifest.xml:81:13-58
169            android:exported="false" />
169-->[com.onesignal:OneSignal:4.6.3] AndroidManifest.xml:82:13-37
170        <service
170-->[com.onesignal:OneSignal:4.6.3] AndroidManifest.xml:83:9-86:72
171            android:name="com.onesignal.FCMIntentJobService"
171-->[com.onesignal:OneSignal:4.6.3] AndroidManifest.xml:84:13-61
172            android:exported="false"
172-->[com.onesignal:OneSignal:4.6.3] AndroidManifest.xml:85:13-37
173            android:permission="android.permission.BIND_JOB_SERVICE" />
173-->[com.onesignal:OneSignal:4.6.3] AndroidManifest.xml:86:13-69
174        <service
174-->[com.onesignal:OneSignal:4.6.3] AndroidManifest.xml:87:9-90:43
175            android:name="com.onesignal.FocusDelaySyncService"
175-->[com.onesignal:OneSignal:4.6.3] AndroidManifest.xml:88:13-63
176            android:exported="false"
176-->[com.onesignal:OneSignal:4.6.3] AndroidManifest.xml:89:13-37
177            android:stopWithTask="true" />
177-->[com.onesignal:OneSignal:4.6.3] AndroidManifest.xml:90:13-40
178        <service
178-->[com.onesignal:OneSignal:4.6.3] AndroidManifest.xml:91:9-94:72
179            android:name="com.onesignal.FocusDelaySyncJobService"
179-->[com.onesignal:OneSignal:4.6.3] AndroidManifest.xml:92:13-66
180            android:exported="false"
180-->[com.onesignal:OneSignal:4.6.3] AndroidManifest.xml:93:13-37
181            android:permission="android.permission.BIND_JOB_SERVICE" />
181-->[com.onesignal:OneSignal:4.6.3] AndroidManifest.xml:94:13-69
182        <service
182-->[com.onesignal:OneSignal:4.6.3] AndroidManifest.xml:95:9-98:43
183            android:name="com.onesignal.SyncService"
183-->[com.onesignal:OneSignal:4.6.3] AndroidManifest.xml:96:13-53
184            android:exported="false"
184-->[com.onesignal:OneSignal:4.6.3] AndroidManifest.xml:97:13-37
185            android:stopWithTask="true" />
185-->[com.onesignal:OneSignal:4.6.3] AndroidManifest.xml:98:13-40
186        <service
186-->[com.onesignal:OneSignal:4.6.3] AndroidManifest.xml:99:9-102:72
187            android:name="com.onesignal.SyncJobService"
187-->[com.onesignal:OneSignal:4.6.3] AndroidManifest.xml:100:13-56
188            android:exported="false"
188-->[com.onesignal:OneSignal:4.6.3] AndroidManifest.xml:101:13-37
189            android:permission="android.permission.BIND_JOB_SERVICE" />
189-->[com.onesignal:OneSignal:4.6.3] AndroidManifest.xml:102:13-69
190
191        <activity
191-->[com.onesignal:OneSignal:4.6.3] AndroidManifest.xml:104:9-107:75
192            android:name="com.onesignal.PermissionsActivity"
192-->[com.onesignal:OneSignal:4.6.3] AndroidManifest.xml:105:13-61
193            android:exported="false"
193-->[com.onesignal:OneSignal:4.6.3] AndroidManifest.xml:106:13-37
194            android:theme="@android:style/Theme.Translucent.NoTitleBar" />
194-->[com.onesignal:OneSignal:4.6.3] AndroidManifest.xml:107:13-72
195
196        <receiver
196-->[com.onesignal:OneSignal:4.6.3] AndroidManifest.xml:109:9-111:39
197            android:name="com.onesignal.NotificationDismissReceiver"
197-->[com.onesignal:OneSignal:4.6.3] AndroidManifest.xml:110:13-69
198            android:exported="true" />
198-->[com.onesignal:OneSignal:4.6.3] AndroidManifest.xml:111:13-36
199        <receiver
199-->[com.onesignal:OneSignal:4.6.3] AndroidManifest.xml:112:9-119:20
200            android:name="com.onesignal.BootUpReceiver"
200-->[com.onesignal:OneSignal:4.6.3] AndroidManifest.xml:113:13-56
201            android:exported="true" >
201-->[com.onesignal:OneSignal:4.6.3] AndroidManifest.xml:114:13-36
202            <intent-filter>
202-->[com.onesignal:OneSignal:4.6.3] AndroidManifest.xml:115:13-118:29
203                <action android:name="android.intent.action.BOOT_COMPLETED" />
203-->[com.onesignal:OneSignal:4.6.3] AndroidManifest.xml:116:17-79
203-->[com.onesignal:OneSignal:4.6.3] AndroidManifest.xml:116:25-76
204                <action android:name="android.intent.action.QUICKBOOT_POWERON" />
204-->[com.onesignal:OneSignal:4.6.3] AndroidManifest.xml:117:17-82
204-->[com.onesignal:OneSignal:4.6.3] AndroidManifest.xml:117:25-79
205            </intent-filter>
206        </receiver>
207        <receiver
207-->[com.onesignal:OneSignal:4.6.3] AndroidManifest.xml:120:9-126:20
208            android:name="com.onesignal.UpgradeReceiver"
208-->[com.onesignal:OneSignal:4.6.3] AndroidManifest.xml:121:13-57
209            android:exported="true" >
209-->[com.onesignal:OneSignal:4.6.3] AndroidManifest.xml:122:13-36
210            <intent-filter>
210-->[com.onesignal:OneSignal:4.6.3] AndroidManifest.xml:123:13-125:29
211                <action android:name="android.intent.action.MY_PACKAGE_REPLACED" />
211-->[com.onesignal:OneSignal:4.6.3] AndroidManifest.xml:124:17-84
211-->[com.onesignal:OneSignal:4.6.3] AndroidManifest.xml:124:25-81
212            </intent-filter>
213        </receiver>
214
215        <activity
215-->[com.onesignal:OneSignal:4.6.3] AndroidManifest.xml:128:9-134:75
216            android:name="com.onesignal.NotificationOpenedReceiver"
216-->[com.onesignal:OneSignal:4.6.3] AndroidManifest.xml:129:13-68
217            android:excludeFromRecents="true"
217-->[com.onesignal:OneSignal:4.6.3] AndroidManifest.xml:130:13-46
218            android:exported="true"
218-->[com.onesignal:OneSignal:4.6.3] AndroidManifest.xml:131:13-36
219            android:noHistory="true"
219-->[com.onesignal:OneSignal:4.6.3] AndroidManifest.xml:132:13-37
220            android:taskAffinity=""
220-->[com.onesignal:OneSignal:4.6.3] AndroidManifest.xml:133:13-36
221            android:theme="@android:style/Theme.Translucent.NoTitleBar" />
221-->[com.onesignal:OneSignal:4.6.3] AndroidManifest.xml:134:13-72
222        <activity
222-->[com.onesignal:OneSignal:4.6.3] AndroidManifest.xml:135:9-140:75
223            android:name="com.onesignal.NotificationOpenedReceiverAndroid22AndOlder"
223-->[com.onesignal:OneSignal:4.6.3] AndroidManifest.xml:136:13-85
224            android:excludeFromRecents="true"
224-->[com.onesignal:OneSignal:4.6.3] AndroidManifest.xml:137:13-46
225            android:exported="true"
225-->[com.onesignal:OneSignal:4.6.3] AndroidManifest.xml:138:13-36
226            android:noHistory="true"
226-->[com.onesignal:OneSignal:4.6.3] AndroidManifest.xml:139:13-37
227            android:theme="@android:style/Theme.Translucent.NoTitleBar" />
227-->[com.onesignal:OneSignal:4.6.3] AndroidManifest.xml:140:13-72
228
229        <provider
229-->[androidx.work:work-runtime:2.7.1] AndroidManifest.xml:31:9-39:20
230            android:name="androidx.startup.InitializationProvider"
230-->[androidx.work:work-runtime:2.7.1] AndroidManifest.xml:32:13-67
231            android:authorities="com.concentra.mitur.androidx-startup"
231-->[androidx.work:work-runtime:2.7.1] AndroidManifest.xml:33:13-68
232            android:exported="false" >
232-->[androidx.work:work-runtime:2.7.1] AndroidManifest.xml:34:13-37
233            <meta-data
233-->[androidx.work:work-runtime:2.7.1] AndroidManifest.xml:36:13-38:52
234                android:name="androidx.work.WorkManagerInitializer"
234-->[androidx.work:work-runtime:2.7.1] AndroidManifest.xml:37:17-68
235                android:value="androidx.startup" />
235-->[androidx.work:work-runtime:2.7.1] AndroidManifest.xml:38:17-49
236        </provider>
237
238        <service
238-->[androidx.work:work-runtime:2.7.1] AndroidManifest.xml:41:9-46:35
239            android:name="androidx.work.impl.background.systemalarm.SystemAlarmService"
239-->[androidx.work:work-runtime:2.7.1] AndroidManifest.xml:42:13-88
240            android:directBootAware="false"
240-->[androidx.work:work-runtime:2.7.1] AndroidManifest.xml:43:13-44
241            android:enabled="@bool/enable_system_alarm_service_default"
241-->[androidx.work:work-runtime:2.7.1] AndroidManifest.xml:44:13-72
242            android:exported="false" />
242-->[androidx.work:work-runtime:2.7.1] AndroidManifest.xml:45:13-37
243        <service
243-->[androidx.work:work-runtime:2.7.1] AndroidManifest.xml:47:9-53:35
244            android:name="androidx.work.impl.background.systemjob.SystemJobService"
244-->[androidx.work:work-runtime:2.7.1] AndroidManifest.xml:48:13-84
245            android:directBootAware="false"
245-->[androidx.work:work-runtime:2.7.1] AndroidManifest.xml:49:13-44
246            android:enabled="@bool/enable_system_job_service_default"
246-->[androidx.work:work-runtime:2.7.1] AndroidManifest.xml:50:13-70
247            android:exported="true"
247-->[androidx.work:work-runtime:2.7.1] AndroidManifest.xml:51:13-36
248            android:permission="android.permission.BIND_JOB_SERVICE" />
248-->[androidx.work:work-runtime:2.7.1] AndroidManifest.xml:52:13-69
249        <service
249-->[androidx.work:work-runtime:2.7.1] AndroidManifest.xml:54:9-59:35
250            android:name="androidx.work.impl.foreground.SystemForegroundService"
250-->[androidx.work:work-runtime:2.7.1] AndroidManifest.xml:55:13-81
251            android:directBootAware="false"
251-->[androidx.work:work-runtime:2.7.1] AndroidManifest.xml:56:13-44
252            android:enabled="@bool/enable_system_foreground_service_default"
252-->[androidx.work:work-runtime:2.7.1] AndroidManifest.xml:57:13-77
253            android:exported="false" />
253-->[androidx.work:work-runtime:2.7.1] AndroidManifest.xml:58:13-37
254
255        <receiver
255-->[androidx.work:work-runtime:2.7.1] AndroidManifest.xml:61:9-66:35
256            android:name="androidx.work.impl.utils.ForceStopRunnable$BroadcastReceiver"
256-->[androidx.work:work-runtime:2.7.1] AndroidManifest.xml:62:13-88
257            android:directBootAware="false"
257-->[androidx.work:work-runtime:2.7.1] AndroidManifest.xml:63:13-44
258            android:enabled="true"
258-->[androidx.work:work-runtime:2.7.1] AndroidManifest.xml:64:13-35
259            android:exported="false" />
259-->[androidx.work:work-runtime:2.7.1] AndroidManifest.xml:65:13-37
260        <receiver
260-->[androidx.work:work-runtime:2.7.1] AndroidManifest.xml:67:9-77:20
261            android:name="androidx.work.impl.background.systemalarm.ConstraintProxy$BatteryChargingProxy"
261-->[androidx.work:work-runtime:2.7.1] AndroidManifest.xml:68:13-106
262            android:directBootAware="false"
262-->[androidx.work:work-runtime:2.7.1] AndroidManifest.xml:69:13-44
263            android:enabled="false"
263-->[androidx.work:work-runtime:2.7.1] AndroidManifest.xml:70:13-36
264            android:exported="false" >
264-->[androidx.work:work-runtime:2.7.1] AndroidManifest.xml:71:13-37
265            <intent-filter>
265-->[androidx.work:work-runtime:2.7.1] AndroidManifest.xml:73:13-76:29
266                <action android:name="android.intent.action.ACTION_POWER_CONNECTED" />
266-->[androidx.work:work-runtime:2.7.1] AndroidManifest.xml:74:17-87
266-->[androidx.work:work-runtime:2.7.1] AndroidManifest.xml:74:25-84
267                <action android:name="android.intent.action.ACTION_POWER_DISCONNECTED" />
267-->[androidx.work:work-runtime:2.7.1] AndroidManifest.xml:75:17-90
267-->[androidx.work:work-runtime:2.7.1] AndroidManifest.xml:75:25-87
268            </intent-filter>
269        </receiver>
270        <receiver
270-->[androidx.work:work-runtime:2.7.1] AndroidManifest.xml:78:9-88:20
271            android:name="androidx.work.impl.background.systemalarm.ConstraintProxy$BatteryNotLowProxy"
271-->[androidx.work:work-runtime:2.7.1] AndroidManifest.xml:79:13-104
272            android:directBootAware="false"
272-->[androidx.work:work-runtime:2.7.1] AndroidManifest.xml:80:13-44
273            android:enabled="false"
273-->[androidx.work:work-runtime:2.7.1] AndroidManifest.xml:81:13-36
274            android:exported="false" >
274-->[androidx.work:work-runtime:2.7.1] AndroidManifest.xml:82:13-37